{"name":"As a user I should be able to add a product to cart and proceed to make payment","status":"broken","statusDetails":{"known":false,"muted":false,"flaky":false,"message":"Expected condition failed: waiting for element to be clickable: [[ChromeDriver: chrome on WINDOWS (0283012046e31289fa4967a8c1067bc0)] -> id: cgv] (tried for 10 second(s) with 500 milliseconds interval)\nBuild info: version: '3.141.59', revision: 'e82be7d358', time: '2018-11-14T08:17:03'\nSystem info: host: 'BMT-LAP-71', ip: '192.168.29.142', os.name: 'Windows 10', os.arch: 'amd64', os.version: '10.0', java.version: '15.0.2'\nDriver info: org.openqa.selenium.chrome.ChromeDriver\nCapabilities {acceptInsecureCerts: false, browserName: chrome, browserVersion: 91.0.4472.77, chrome: {chromedriverVersion: 91.0.4472.101 (af52a90bf870..., userDataDir: C:\\Users\\ANUPAM~1\\AppData\\L...}, goog:chromeOptions: {debuggerAddress: localhost:56298}, javascriptEnabled: true, networkConnectionEnabled: false, pageLoadStrategy: normal, platform: WINDOWS, platformName: WINDOWS, proxy: Proxy(), setWindowRect: true, strictFileInteractability: false, timeouts: {implicit: 0, pageLoad: 300000, script: 30000}, unhandledPromptBehavior: dismiss and notify, webauthn:extension:largeBlob: true, webauthn:virtualAuthenticators: true}\nSession ID: 0283012046e31289fa4967a8c1067bc0","trace":"org.openqa.selenium.TimeoutException: Expected condition failed: waiting for element to be clickable: [[ChromeDriver: chrome on WINDOWS (0283012046e31289fa4967a8c1067bc0)] -> id: cgv] (tried for 10 second(s) with 500 milliseconds interval)\nBuild info: version: '3.141.59', revision: 'e82be7d358', time: '2018-11-14T08:17:03'\nSystem info: host: 'BMT-LAP-71', ip: '192.168.29.142', os.name: 'Windows 10', os.arch: 'amd64', os.version: '10.0', java.version: '15.0.2'\nDriver info: org.openqa.selenium.chrome.ChromeDriver\nCapabilities {acceptInsecureCerts: false, browserName: chrome, browserVersion: 91.0.4472.77, chrome: {chromedriverVersion: 91.0.4472.101 (af52a90bf870..., userDataDir: C:\\Users\\ANUPAM~1\\AppData\\L...}, goog:chromeOptions: {debuggerAddress: localhost:56298}, javascriptEnabled: true, networkConnectionEnabled: false, pageLoadStrategy: normal, platform: WINDOWS, platformName: WINDOWS, proxy: Proxy(), setWindowRect: true, strictFileInteractability: false, timeouts: {implicit: 0, pageLoad: 300000, script: 30000}, unhandledPromptBehavior: dismiss and notify, webauthn:extension:largeBlob: true, webauthn:virtualAuthenticators: true}\nSession ID: 0283012046e31289fa4967a8c1067bc0\r\n\tat org.openqa.selenium.support.ui.WebDriverWait.timeoutException(WebDriverWait.java:95)\r\n\tat org.openqa.selenium.support.ui.FluentWait.until(FluentWait.java:272)\r\n\tat core.DriverHelper.waitForElementToBeClickable(DriverHelper.java:81)\r\n\tat core.DriverHelper.click(DriverHelper.java:42)\r\n\tat pageObjects.POShippingPage.selectTermsAndConditions(POShippingPage.java:30)\r\n\tat stepDefinitions.PlaceOrderSteps.i_agree_to_terms_and_conditions_and_proceed_to_checkout(PlaceOrderSteps.java:207)\r\n\tat ✽.I agree to Terms and Conditions and Proceed to checkout(file:src/test/resources/features/PlaceOrder.feature:54)\r\n"},"stage":"finished","steps":[{"name":"Given  I go to Sign In page","status":"passed","statusDetails":{"known":false,"muted":false,"flaky":false},"stage":"finished","steps":[],"attachments":[],"parameters":[],"start":1624393095393,"stop":1624393106325},{"name":"When  I click on Sign In button and wait for Authentication page to load","status":"passed","statusDetails":{"known":false,"muted":false,"flaky":false},"stage":"finished","steps":[],"attachments":[],"parameters":[],"start":1624393106329,"stop":1624393109254},{"name":"Then  I should see Authentication Page","status":"passed","statusDetails":{"known":false,"muted":false,"flaky":false},"stage":"finished","steps":[],"attachments":[],"parameters":[],"start":1624393109256,"stop":1624393109314},{"name":"And  I should see Already Registered segment","status":"passed","statusDetails":{"known":false,"muted":false,"flaky":false},"stage":"finished","steps":[],"attachments":[],"parameters":[],"start":1624393109318,"stop":1624393109368},{"name":"When  I enter my registered email address and password","status":"passed","statusDetails":{"known":false,"muted":false,"flaky":false},"stage":"finished","steps":[],"attachments":[],"parameters":[],"start":1624393109369,"stop":1624393109865},{"name":"And  I click on Sign In button","status":"passed","statusDetails":{"known":false,"muted":false,"flaky":false},"stage":"finished","steps":[],"attachments":[],"parameters":[],"start":1624393109867,"stop":1624393112487},{"name":"Then  I should see My Account page","status":"passed","statusDetails":{"known":false,"muted":false,"flaky":false},"stage":"finished","steps":[],"attachments":[],"parameters":[],"start":1624393112488,"stop":1624393112548},{"name":"And  I should see that my correct name is displayed as \"Anupam Singh\"","status":"passed","statusDetails":{"known":false,"muted":false,"flaky":false},"stage":"finished","steps":[],"attachments":[],"parameters":[],"start":1624393112549,"stop":1624393112579},{"name":"When  I search the product \"Faded Short Sleeve T-shirts\" in search bar","status":"passed","statusDetails":{"known":false,"muted":false,"flaky":false},"stage":"finished","steps":[],"attachments":[],"parameters":[],"start":1624393112579,"stop":1624393115406},{"name":"Then  I should see the Product Listing page","status":"passed","statusDetails":{"known":false,"muted":false,"flaky":false},"stage":"finished","steps":[],"attachments":[],"parameters":[],"start":1624393115407,"stop":1624393115468},{"name":"And  I should see the searched product \"Faded Short Sleeve T-shirts\"","status":"passed","statusDetails":{"known":false,"muted":false,"flaky":false},"stage":"finished","steps":[],"attachments":[],"parameters":[],"start":1624393115469,"stop":1624393115515},{"name":"And  I should change the view to \"list\" view","status":"passed","statusDetails":{"known":false,"muted":false,"flaky":false},"stage":"finished","steps":[],"attachments":[],"parameters":[],"start":1624393115517,"stop":1624393115639},{"name":"Given  I verify that the product \"Faded Short Sleeve T-shirts\" is in stock","status":"passed","statusDetails":{"known":false,"muted":false,"flaky":false},"stage":"finished","steps":[],"attachments":[],"parameters":[],"start":1624393115640,"stop":1624393115679},{"name":"When  I add the product to cart with given specifications and Proceed to checkout","status":"passed","statusDetails":{"known":false,"muted":false,"flaky":false},"stage":"finished","steps":[],"attachments":[{"name":"Data table","source":"532719ff-af1c-4027-a657-068d56f934f0-attachment.csv","type":"text/tab-separated-values"}],"parameters":[],"start":1624393115680,"stop":1624393123938},{"name":"Then  I should see the Product Summary page","status":"passed","statusDetails":{"known":false,"muted":false,"flaky":false},"stage":"finished","steps":[],"attachments":[],"parameters":[],"start":1624393123939,"stop":1624393123976},{"name":"And  I verify all the product details and Proceed to checkout","status":"passed","statusDetails":{"known":false,"muted":false,"flaky":false},"stage":"finished","steps":[],"attachments":[{"name":"Data table","source":"87449d3e-c049-42b8-bd3f-86ac5b219f10-attachment.csv","type":"text/tab-separated-values"}],"parameters":[],"start":1624393123977,"stop":1624393126429},{"name":"Then  I should see PO Address page","status":"passed","statusDetails":{"known":false,"muted":false,"flaky":false},"stage":"finished","steps":[],"attachments":[],"parameters":[],"start":1624393126435,"stop":1624393126503},{"name":"And  I verify my address details and Proceed to checkout","status":"passed","statusDetails":{"known":false,"muted":false,"flaky":false},"stage":"finished","steps":[],"attachments":[{"name":"Data table","source":"ef2d35f7-a47e-4f75-add2-102f0301b6af-attachment.csv","type":"text/tab-separated-values"}],"parameters":[],"start":1624393126505,"stop":1624393129780},{"name":"Then  I should see PO Shipping page","status":"passed","statusDetails":{"known":false,"muted":false,"flaky":false},"stage":"finished","steps":[],"attachments":[],"parameters":[],"start":1624393129781,"stop":1624393129838},{"name":"And  I agree to Terms and Conditions and Proceed to checkout","status":"broken","statusDetails":{"known":false,"muted":false,"flaky":false,"message":"Expected condition failed: waiting for element to be clickable: [[ChromeDriver: chrome on WINDOWS (0283012046e31289fa4967a8c1067bc0)] -> id: cgv] (tried for 10 second(s) with 500 milliseconds interval)\nBuild info: version: '3.141.59', revision: 'e82be7d358', time: '2018-11-14T08:17:03'\nSystem info: host: 'BMT-LAP-71', ip: '192.168.29.142', os.name: 'Windows 10', os.arch: 'amd64', os.version: '10.0', java.version: '15.0.2'\nDriver info: org.openqa.selenium.chrome.ChromeDriver\nCapabilities {acceptInsecureCerts: false, browserName: chrome, browserVersion: 91.0.4472.77, chrome: {chromedriverVersion: 91.0.4472.101 (af52a90bf870..., userDataDir: C:\\Users\\ANUPAM~1\\AppData\\L...}, goog:chromeOptions: {debuggerAddress: localhost:56298}, javascriptEnabled: true, networkConnectionEnabled: false, pageLoadStrategy: normal, platform: WINDOWS, platformName: WINDOWS, proxy: Proxy(), setWindowRect: true, strictFileInteractability: false, timeouts: {implicit: 0, pageLoad: 300000, script: 30000}, unhandledPromptBehavior: dismiss and notify, webauthn:extension:largeBlob: true, webauthn:virtualAuthenticators: true}\nSession ID: 0283012046e31289fa4967a8c1067bc0","trace":"org.openqa.selenium.TimeoutException: Expected condition failed: waiting for element to be clickable: [[ChromeDriver: chrome on WINDOWS (0283012046e31289fa4967a8c1067bc0)] -> id: cgv] (tried for 10 second(s) with 500 milliseconds interval)\nBuild info: version: '3.141.59', revision: 'e82be7d358', time: '2018-11-14T08:17:03'\nSystem info: host: 'BMT-LAP-71', ip: '192.168.29.142', os.name: 'Windows 10', os.arch: 'amd64', os.version: '10.0', java.version: '15.0.2'\nDriver info: org.openqa.selenium.chrome.ChromeDriver\nCapabilities {acceptInsecureCerts: false, browserName: chrome, browserVersion: 91.0.4472.77, chrome: {chromedriverVersion: 91.0.4472.101 (af52a90bf870..., userDataDir: C:\\Users\\ANUPAM~1\\AppData\\L...}, goog:chromeOptions: {debuggerAddress: localhost:56298}, javascriptEnabled: true, networkConnectionEnabled: false, pageLoadStrategy: normal, platform: WINDOWS, platformName: WINDOWS, proxy: Proxy(), setWindowRect: true, strictFileInteractability: false, timeouts: {implicit: 0, pageLoad: 300000, script: 30000}, unhandledPromptBehavior: dismiss and notify, webauthn:extension:largeBlob: true, webauthn:virtualAuthenticators: true}\nSession ID: 0283012046e31289fa4967a8c1067bc0\r\n\tat org.openqa.selenium.support.ui.WebDriverWait.timeoutException(WebDriverWait.java:95)\r\n\tat org.openqa.selenium.support.ui.FluentWait.until(FluentWait.java:272)\r\n\tat core.DriverHelper.waitForElementToBeClickable(DriverHelper.java:81)\r\n\tat core.DriverHelper.click(DriverHelper.java:42)\r\n\tat pageObjects.POShippingPage.selectTermsAndConditions(POShippingPage.java:30)\r\n\tat stepDefinitions.PlaceOrderSteps.i_agree_to_terms_and_conditions_and_proceed_to_checkout(PlaceOrderSteps.java:207)\r\n\tat ✽.I agree to Terms and Conditions and Proceed to checkout(file:src/test/resources/features/PlaceOrder.feature:54)\r\n"},"stage":"finished","steps":[],"attachments":[],"parameters":[],"start":1624393129839,"stop":1624393140009},{"name":"Then  I should see Payments page","status":"skipped","statusDetails":{"known":false,"muted":false,"flaky":false},"stage":"finished","steps":[],"attachments":[],"parameters":[],"start":1624393140254,"stop":1624393140254},{"name":"And  I verify various payment methods","status":"skipped","statusDetails":{"known":false,"muted":false,"flaky":false},"stage":"finished","steps":[],"attachments":[],"parameters":[],"start":1624393140255,"stop":1624393140255},{"name":"And  I choose \"Pay by bank wire\" payment method","status":"skipped","statusDetails":{"known":false,"muted":false,"flaky":false},"stage":"finished","steps":[],"attachments":[],"parameters":[],"start":1624393140256,"stop":1624393140256},{"name":"And  I confirm my order after verifying total amount as \"$18.51\"","status":"skipped","statusDetails":{"known":false,"muted":false,"flaky":false},"stage":"finished","steps":[],"attachments":[],"parameters":[],"start":1624393140257,"stop":1624393140257},{"name":"Then  I should see that my order is complete","status":"skipped","statusDetails":{"known":false,"muted":false,"flaky":false},"stage":"finished","steps":[],"attachments":[],"parameters":[],"start":1624393140258,"stop":1624393140258}],"attachments":[],"parameters":[],"start":1624393093104,"stop":1624393140260,"uuid":"157bb4f5-c2ce-4560-b828-65d8cf9550d8","historyId":"7f129a4b9df6f6e2eb20cb7d431066f","fullName":"As a new user I should be able to create a new account and place an order: As a user I should be able to add a product to cart and proceed to make payment","labels":[{"name":"host","value":"BMT-LAP-71"},{"name":"thread","value":"10224@BMT-LAP-71.main(1)"},{"name":"feature","value":"As a new user I should be able to create a new account and place an order"},{"name":"story","value":"As a user I should be able to add a product to cart and proceed to make payment"},{"name":"suite","value":"As a new user I should be able to create a new account and place an order"},{"name":"testClass","value":"As a user I should be able to add a product to cart and proceed to make payment"},{"name":"framework","value":"cucumber4jvm"},{"name":"language","value":"java"},{"name":"gherkin_uri","value":"file:src/test/resources/features/PlaceOrder.feature"},{"name":"package","value":"src.test.resources.features.PlaceOrder_feature.As a new user I should be able to create a new account and place an order"}],"links":[]}