<?xml version="1.0" encoding="UTF-8"?>
<testsuite xmlns:xsi="http://www.w3.org/2001/XMLSchema-instance" xsi:noNamespaceSchemaLocation="https://maven.apache.org/surefire/maven-surefire-plugin/xsd/surefire-test-report-3.0.xsd" version="3.0" name="TestSuite" time="77.16" tests="2" errors="0" skipped="0" failures="0">
  <properties>
[...]
</properties>
  <testcase name="runScenario[&quot;As a new user I should be able to create a new account, logout from app then login again&quot;, &quot;As a new user I should be able to create a new account and place an order&quot;](1)" classname="testRunner.TestRunner" time="30.202">
    <system-out><![CDATA[02:00:30.969 [main] DEBUG stepDefinitions.PlaceOrderSteps - I go to Sign In page
02:00:34.306 [main] DEBUG stepDefinitions.PlaceOrderSteps - I click on Sign In button and wait for Authentication page to load
02:00:34.380 [main] DEBUG stepDefinitions.PlaceOrderSteps - I should see Authentication Page
02:00:34.431 [main] DEBUG stepDefinitions.PlaceOrderSteps - I should see Create an Account segment
02:00:34.678 [main] DEBUG stepDefinitions.PlaceOrderSteps - I enter my email address
02:00:34.790 [main] DEBUG stepDefinitions.PlaceOrderSteps - I click on Create an Account button
02:00:37.442 [main] DEBUG stepDefinitions.PlaceOrderSteps - I should see Create an Account form page
02:00:41.884 [main] DEBUG stepDefinitions.PlaceOrderSteps - I fill all the required details and submit it
02:00:41.918 [main] DEBUG stepDefinitions.PlaceOrderSteps - I should see My Account page
02:00:41.947 [main] DEBUG stepDefinitions.PlaceOrderSteps - I should see that my correct name is displayed as Anupam Singh
02:00:44.839 [main] DEBUG stepDefinitions.PlaceOrderSteps - I click on Sign out button
02:00:44.871 [main] DEBUG stepDefinitions.PlaceOrderSteps - I should see Authentication Page
02:00:44.914 [main] DEBUG stepDefinitions.PlaceOrderSteps - I should see Already Registered segment
02:00:45.359 [main] DEBUG stepDefinitions.PlaceOrderSteps - I enter my registered email address and password
02:00:47.345 [main] DEBUG stepDefinitions.PlaceOrderSteps - I click on Sign In button
02:00:47.394 [main] DEBUG stepDefinitions.PlaceOrderSteps - I should see My Account page
02:00:47.434 [main] DEBUG stepDefinitions.PlaceOrderSteps - I should see that my correct name is displayed as Anupam Singh
]]></system-out>
    <system-err><![CDATA[SLF4J: Failed to load class "org.slf4j.impl.StaticLoggerBinder".
SLF4J: Defaulting to no-operation (NOP) logger implementation
SLF4J: See http://www.slf4j.org/codes.html#StaticLoggerBinder for further details.
Starting ChromeDriver 91.0.4472.101 (af52a90bf87030dd1523486a1cd3ae25c5d76c9b-refs/branch-heads/4472@{#1462}) on port 16801
Only local connections are allowed.
Please see https://chromedriver.chromium.org/security-considerations for suggestions on keeping ChromeDriver safe.
ChromeDriver was started successfully.
Jun 23, 2021 2:00:20 AM org.openqa.selenium.remote.ProtocolHandshake createSession
INFO: Detected dialect: W3C
]]></system-err>
  </testcase>
  <testcase name="runScenario[&quot;As a user I should be able to add a product to cart and proceed to make payment&quot;, &quot;As a new user I should be able to create a new account and place an order&quot;](2)" classname="testRunner.TestRunner" time="45.927">
    <system-out><![CDATA[02:00:59.434 [main] DEBUG stepDefinitions.PlaceOrderSteps - I go to Sign In page
02:01:02.313 [main] DEBUG stepDefinitions.PlaceOrderSteps - I click on Sign In button and wait for Authentication page to load
02:01:02.368 [main] DEBUG stepDefinitions.PlaceOrderSteps - I should see Authentication Page
02:01:02.410 [main] DEBUG stepDefinitions.PlaceOrderSteps - I should see Already Registered segment
02:01:02.804 [main] DEBUG stepDefinitions.PlaceOrderSteps - I enter my registered email address and password
02:01:05.146 [main] DEBUG stepDefinitions.PlaceOrderSteps - I click on Sign In button
02:01:05.201 [main] DEBUG stepDefinitions.PlaceOrderSteps - I should see My Account page
02:01:05.240 [main] DEBUG stepDefinitions.PlaceOrderSteps - I should see that my correct name is displayed as Anupam Singh
02:01:07.832 [main] DEBUG stepDefinitions.PlaceOrderSteps - I search the productFaded Short Sleeve T-shirts in search bar
02:01:07.867 [main] DEBUG stepDefinitions.PlaceOrderSteps - I should see the Product Listing page
02:01:07.897 [main] DEBUG stepDefinitions.PlaceOrderSteps - I should see the searched product Faded Short Sleeve T-shirts
02:01:08.055 [main] DEBUG stepDefinitions.PlaceOrderSteps - I should change the view to list view
02:01:08.100 [main] DEBUG stepDefinitions.PlaceOrderSteps - I verify that the product Faded Short Sleeve T-shirts is in stock
02:01:16.542 [main] DEBUG stepDefinitions.PlaceOrderSteps - I add the product to cart with given specifications and Proceed to checkout
02:01:16.615 [main] DEBUG stepDefinitions.PlaceOrderSteps - I should see the Product Summary page
$16.51.......................................
02:01:19.552 [main] DEBUG stepDefinitions.PlaceOrderSteps - I verify all the product details and Proceed to checkout
02:01:19.604 [main] DEBUG stepDefinitions.PlaceOrderSteps - I should see PO Address page
02:01:21.750 [main] DEBUG stepDefinitions.PlaceOrderSteps - I verify my address details and Proceed to checkout
02:01:21.811 [main] DEBUG stepDefinitions.PlaceOrderSteps - I should see PO Shipping page
02:01:23.685 [main] DEBUG stepDefinitions.PlaceOrderSteps - I agree to Terms and Conditions and Proceed to checkout
02:01:23.737 [main] DEBUG stepDefinitions.PlaceOrderSteps - I should see Payments page
02:01:23.795 [main] DEBUG stepDefinitions.PlaceOrderSteps - I verify various payment methods
02:01:25.787 [main] DEBUG stepDefinitions.PlaceOrderSteps - I choose Pay by bank wire payment method
02:01:28.619 [main] DEBUG stepDefinitions.PlaceOrderSteps - I confirm my order after verifying total amount as $18.51
02:01:29.018 [main] DEBUG stepDefinitions.PlaceOrderSteps - I should see that my order is complete
02:01:33.396 [main] DEBUG stepDefinitions.PlaceOrderSteps - I sign out from Payments page
]]></system-out>
    <system-err><![CDATA[Starting ChromeDriver 91.0.4472.101 (af52a90bf87030dd1523486a1cd3ae25c5d76c9b-refs/branch-heads/4472@{#1462}) on port 7384
Only local connections are allowed.
Please see https://chromedriver.chromium.org/security-considerations for suggestions on keeping ChromeDriver safe.
ChromeDriver was started successfully.
Jun 23, 2021 2:00:49 AM org.openqa.selenium.remote.ProtocolHandshake createSession
INFO: Detected dialect: W3C
]]></system-err>
  </testcase>
</testsuite>